<?xml version="1.0" encoding="UTF-8"?>
<!-- Generated by org.testng.reporters.JUnitReportReporter -->
<testsuite hostname="LAPTOP-4D9NKMKK" failures="0" tests="6" name="api.tests.DataDrivenTests" time="10.723" errors="0" timestamp="2025-07-05T15:51:11 IST" skipped="0">
  <testcase classname="api.tests.DataDrivenTests" name="testPostUser" time="1.537"/>
  <testcase classname="api.tests.DataDrivenTests" name="testPostUser" time="3.049"/>
  <testcase classname="api.tests.DataDrivenTests" name="testPostUser" time="1.489"/>
  <testcase classname="api.tests.DataDrivenTests" name="testDeleteUser" time="1.537"/>
  <testcase classname="api.tests.DataDrivenTests" name="testDeleteUser" time="1.580"/>
  <testcase classname="api.tests.DataDrivenTests" name="testDeleteUser" time="1.531"/>
</testsuite> <!-- api.tests.DataDrivenTests -->
