<?xml version="1.0" encoding="UTF-8"?>
<!-- Generated by org.testng.reporters.JUnitReportReporter -->
<testsuite hostname="LAPTOP-4D9NKMKK" failures="0" tests="4" name="api.tests.UserTests" time="12.410" errors="0" timestamp="2025-07-05T19:57:39 IST" skipped="0">
  <testcase classname="api.tests.UserTests" name="test_postUser" time="3.323"/>
  <testcase classname="api.tests.UserTests" name="test_getUserByUserName" time="4.635"/>
  <testcase classname="api.tests.UserTests" name="test_updateUserByName" time="3.067"/>
  <testcase classname="api.tests.UserTests" name="test_deleteUserByUserName" time="1.385"/>
</testsuite> <!-- api.tests.UserTests -->
